2000.12.31 13:09 B C:\Website\GIFs\1ST.GIF --> uploads.webspace.freeserve.net /GIFs 1ST.GIF
2000.12.31 13:09 B C:\Website\GIFs\anim_diary.GIF --> uploads.webspace.freeserve.net /GIFs anim_diary.GIF
2000.12.31 13:09 B C:\Website\GIFs\DIARY.GIF --> uploads.webspace.freeserve.net /GIFs DIARY.GIF
2000.12.31 13:09 B C:\Website\GIFs\FIXTURES.GIF --> uploads.webspace.freeserve.net /GIFs FIXTURES.GIF
2000.12.31 13:09 B C:\Website\GIFs\GORACING.GIF --> uploads.webspace.freeserve.net /GIFs GORACING.GIF
2000.12.31 13:10 B C:\Website\GIFs\greenlight.gif --> uploads.webspace.freeserve.net /GIFs greenlight.gif
2000.12.31 13:10 B C:\Website\GIFs\REDLIGHT.GIF --> uploads.webspace.freeserve.net /GIFs REDLIGHT.GIF
2000.12.31 13:10 B C:\Website\GIFs\ROSETTE.GIF --> uploads.webspace.freeserve.net /GIFs ROSETTE.GIF
2000.12.31 13:10 B C:\Website\GIFs\SMALL1ST.GIF --> uploads.webspace.freeserve.net /GIFs SMALL1ST.GIF
2001.01.03 22:43 B C:\Website\gifs\1st.GIF --> uploads.webspace.freeserve.net /gifs 1st.GIF
2001.01.03 22:43 B C:\Website\gifs\anim_diary.GIF --> uploads.webspace.freeserve.net /gifs anim_diary.GIF
2001.01.03 22:43 B C:\Website\gifs\diary.GIF --> uploads.webspace.freeserve.net /gifs diary.GIF
2001.01.03 22:43 B C:\Website\gifs\fixtures.GIF --> uploads.webspace.freeserve.net /gifs fixtures.GIF
2001.01.03 22:43 B C:\Website\gifs\goracing.GIF --> uploads.webspace.freeserve.net /gifs goracing.GIF
2001.01.03 22:43 B C:\Website\gifs\greenlight.GIF --> uploads.webspace.freeserve.net /gifs greenlight.GIF
2001.01.03 22:43 B C:\Website\gifs\redlight.GIF --> uploads.webspace.freeserve.net /gifs redlight.GIF
2001.01.03 22:43 B C:\Website\gifs\rosette.GIF --> uploads.webspace.freeserve.net /gifs rosette.GIF
2001.01.03 22:43 B C:\Website\gifs\small1st.GIF --> uploads.webspace.freeserve.net /gifs small1st.GIF
2001.01.17 19:27 B C:\My Documents\Website\gifs\canvas2.gif --> uploads.webspace.freeserve.net /gifs canvas2.gif
2001.01.27 10:34 B C:\My Documents\Website\gifs\line.GIF --> uploads.webspace.freeserve.net /gifs line.GIF
2001.08.22 22:23 B C:\My Documents\Website\gifs\smile.gif --> uploads.webspace.freeserve.net /results smile.gif
2001.08.22 22:23 B C:\My Documents\Website\gifs\smile.gif --> uploads.webspace.freeserve.net /gifs smile.gif
2005.03.06 13:35 B C:\Website\gifs\1st.GIF --> ftp.badasssolutions.co.uk /public_html/dowsonracing/gifs 1st.GIF
2005.03.06 13:35 B C:\Website\gifs\anim_diary.GIF --> ftp.badasssolutions.co.uk /public_html/dowsonracing/gifs anim_diary.GIF
2005.03.06 13:35 B C:\Website\gifs\cadwell_map.gif --> ftp.badasssolutions.co.uk /public_html/dowsonracing/gifs cadwell_map.gif
2005.03.06 13:35 B C:\Website\gifs\diary.GIF --> ftp.badasssolutions.co.uk /public_html/dowsonracing/gifs diary.GIF
2005.03.06 13:35 B C:\Website\gifs\donnington_map.gif --> ftp.badasssolutions.co.uk /public_html/dowsonracing/gifs donnington_map.gif
2005.03.06 13:35 B C:\Website\gifs\fixtures.GIF --> ftp.badasssolutions.co.uk /public_html/dowsonracing/gifs fixtures.GIF
2005.03.06 13:35 B C:\Website\gifs\goracing.GIF --> ftp.badasssolutions.co.uk /public_html/dowsonracing/gifs goracing.GIF
2005.03.06 13:35 B C:\Website\gifs\greenlight.GIF --> ftp.badasssolutions.co.uk /public_html/dowsonracing/gifs greenlight.GIF
2005.03.06 13:35 B C:\Website\gifs\line.GIF --> ftp.badasssolutions.co.uk /public_html/dowsonracing/gifs line.GIF
2005.03.06 13:35 B C:\Website\gifs\lydden_map.gif --> ftp.badasssolutions.co.uk /public_html/dowsonracing/gifs lydden_map.gif
2005.03.06 13:35 B C:\Website\gifs\mallory_map.gif --> ftp.badasssolutions.co.uk /public_html/dowsonracing/gifs mallory_map.gif
2005.03.06 13:35 B C:\Website\gifs\map.gif --> ftp.badasssolutions.co.uk /public_html/dowsonracing/gifs map.gif
2005.03.06 13:35 B C:\Website\gifs\old_map.GIF --> ftp.badasssolutions.co.uk /public_html/dowsonracing/gifs old_map.GIF
2005.03.06 13:35 B C:\Website\gifs\oulton_map.gif --> ftp.badasssolutions.co.uk /public_html/dowsonracing/gifs oulton_map.gif
2005.03.06 13:35 B C:\Website\gifs\pembrey.gif --> ftp.badasssolutions.co.uk /public_html/dowsonracing/gifs pembrey.gif
2005.03.06 13:35 B C:\Website\gifs\pembrey_t.gif --> ftp.badasssolutions.co.uk /public_html/dowsonracing/gifs pembrey_t.gif
2005.03.06 13:35 B C:\Website\gifs\redlight.GIF --> ftp.badasssolutions.co.uk /public_html/dowsonracing/gifs redlight.GIF
2005.03.06 13:35 B C:\Website\gifs\rosette.GIF --> ftp.badasssolutions.co.uk /public_html/dowsonracing/gifs rosette.GIF
2005.03.06 13:35 B C:\Website\gifs\silverstone_map.gif --> ftp.badasssolutions.co.uk /public_html/dowsonracing/gifs silverstone_map.gif
2005.03.06 13:36 B C:\Website\gifs\small1st.GIF --> ftp.badasssolutions.co.uk /public_html/dowsonracing/gifs small1st.GIF
2005.03.06 13:36 B C:\Website\gifs\smile.gif --> ftp.badasssolutions.co.uk /public_html/dowsonracing/gifs smile.gif
2005.03.06 13:36 B C:\Website\gifs\snetterton_map.gif --> ftp.badasssolutions.co.uk /public_html/dowsonracing/gifs snetterton_map.gif
