2002.01.28 22:19 B C:\My Documents\Website\pictures\lydden\lydden1.jpg --> uploads.webspace.freeserve.net /pictures/lydden lydden1.jpg
2002.01.28 22:19 B C:\My Documents\Website\pictures\lydden\lydden10_t.jpg --> uploads.webspace.freeserve.net /pictures/lydden lydden10_t.jpg
2002.01.28 22:19 B C:\My Documents\Website\pictures\lydden\lydden13.jpg --> uploads.webspace.freeserve.net /pictures/lydden lydden13.jpg
2002.01.28 22:19 B C:\My Documents\Website\pictures\lydden\lydden13_t.jpg --> uploads.webspace.freeserve.net /pictures/lydden lydden13_t.jpg
2002.01.28 22:19 B C:\My Documents\Website\pictures\lydden\lydden14.jpg --> uploads.webspace.freeserve.net /pictures/lydden lydden14.jpg
2002.01.28 22:19 B C:\My Documents\Website\pictures\lydden\lydden14_t.jpg --> uploads.webspace.freeserve.net /pictures/lydden lydden14_t.jpg
2002.01.28 22:20 B C:\My Documents\Website\pictures\lydden\lydden15.jpg --> uploads.webspace.freeserve.net /pictures/lydden lydden15.jpg
2002.01.28 22:20 B C:\My Documents\Website\pictures\lydden\lydden15_t.jpg --> uploads.webspace.freeserve.net /pictures/lydden lydden15_t.jpg
2002.01.28 22:20 B C:\My Documents\Website\pictures\lydden\lydden18.jpg --> uploads.webspace.freeserve.net /pictures/lydden lydden18.jpg
2002.01.28 22:20 B C:\My Documents\Website\pictures\lydden\lydden18_t.jpg --> uploads.webspace.freeserve.net /pictures/lydden lydden18_t.jpg
2002.01.28 22:20 B C:\My Documents\Website\pictures\lydden\lydden1_t.jpg --> uploads.webspace.freeserve.net /pictures/lydden lydden1_t.jpg
2002.01.28 22:20 B C:\My Documents\Website\pictures\lydden\lydden22.jpg --> uploads.webspace.freeserve.net /pictures/lydden lydden22.jpg
2002.01.28 22:20 B C:\My Documents\Website\pictures\lydden\lydden22_t.jpg --> uploads.webspace.freeserve.net /pictures/lydden lydden22_t.jpg
2002.01.28 22:21 B C:\My Documents\Website\pictures\lydden\lydden23.jpg --> uploads.webspace.freeserve.net /pictures/lydden lydden23.jpg
2002.01.28 22:21 B C:\My Documents\Website\pictures\lydden\lydden23_t.jpg --> uploads.webspace.freeserve.net /pictures/lydden lydden23_t.jpg
2002.01.28 22:21 B C:\My Documents\Website\pictures\lydden\lydden25.jpg --> uploads.webspace.freeserve.net /pictures/lydden lydden25.jpg
2002.01.28 22:21 B C:\My Documents\Website\pictures\lydden\lydden25_t.jpg --> uploads.webspace.freeserve.net /pictures/lydden lydden25_t.jpg
2002.01.28 22:22 B C:\My Documents\Website\pictures\lydden\lydden3.jpg --> uploads.webspace.freeserve.net /pictures/lydden lydden3.jpg
2002.01.28 22:22 B C:\My Documents\Website\pictures\lydden\lydden30.jpg --> uploads.webspace.freeserve.net /pictures/lydden lydden30.jpg
2002.01.28 22:22 B C:\My Documents\Website\pictures\lydden\lydden30_t.jpg --> uploads.webspace.freeserve.net /pictures/lydden lydden30_t.jpg
2002.01.28 22:22 B C:\My Documents\Website\pictures\lydden\lydden31.jpg --> uploads.webspace.freeserve.net /pictures/lydden lydden31.jpg
2002.01.28 22:22 B C:\My Documents\Website\pictures\lydden\lydden31_t.jpg --> uploads.webspace.freeserve.net /pictures/lydden lydden31_t.jpg
2002.01.28 22:22 B C:\My Documents\Website\pictures\lydden\lydden32.jpg --> uploads.webspace.freeserve.net /pictures/lydden lydden32.jpg
2002.01.28 22:22 B C:\My Documents\Website\pictures\lydden\lydden32_t.jpg --> uploads.webspace.freeserve.net /pictures/lydden lydden32_t.jpg
2002.01.28 22:23 B C:\My Documents\Website\pictures\lydden\lydden34.jpg --> uploads.webspace.freeserve.net /pictures/lydden lydden34.jpg
2002.01.28 22:23 B C:\My Documents\Website\pictures\lydden\lydden34_t.jpg --> uploads.webspace.freeserve.net /pictures/lydden lydden34_t.jpg
2002.01.28 22:23 B C:\My Documents\Website\pictures\lydden\lydden35.jpg --> uploads.webspace.freeserve.net /pictures/lydden lydden35.jpg
2002.01.28 22:23 B C:\My Documents\Website\pictures\lydden\lydden35_t.jpg --> uploads.webspace.freeserve.net /pictures/lydden lydden35_t.jpg
2002.01.28 22:23 B C:\My Documents\Website\pictures\lydden\lydden3_t.jpg --> uploads.webspace.freeserve.net /pictures/lydden lydden3_t.jpg
2002.01.28 22:23 B C:\My Documents\Website\pictures\lydden\lydden4.jpg --> uploads.webspace.freeserve.net /pictures/lydden lydden4.jpg
2002.01.28 22:23 B C:\My Documents\Website\pictures\lydden\lydden4_t.jpg --> uploads.webspace.freeserve.net /pictures/lydden lydden4_t.jpg
2002.01.28 22:24 B C:\My Documents\Website\pictures\lydden\lydden50.jpg --> uploads.webspace.freeserve.net /pictures/lydden lydden50.jpg
2002.01.28 22:24 B C:\My Documents\Website\pictures\lydden\lydden50_t.jpg --> uploads.webspace.freeserve.net /pictures/lydden lydden50_t.jpg
2002.01.28 22:24 B C:\My Documents\Website\pictures\lydden\lydden52.jpg --> uploads.webspace.freeserve.net /pictures/lydden lydden52.jpg
2002.01.28 22:24 B C:\My Documents\Website\pictures\lydden\lydden52_t.jpg --> uploads.webspace.freeserve.net /pictures/lydden lydden52_t.jpg
2002.01.28 22:24 B C:\My Documents\Website\pictures\lydden\lydden53.jpg --> uploads.webspace.freeserve.net /pictures/lydden lydden53.jpg
2002.01.28 22:24 B C:\My Documents\Website\pictures\lydden\lydden53_t.jpg --> uploads.webspace.freeserve.net /pictures/lydden lydden53_t.jpg
2002.01.28 22:25 B C:\My Documents\Website\pictures\lydden\lydden55.jpg --> uploads.webspace.freeserve.net /pictures/lydden lydden55.jpg
2002.01.28 22:25 B C:\My Documents\Website\pictures\lydden\lydden55_t.jpg --> uploads.webspace.freeserve.net /pictures/lydden lydden55_t.jpg
2002.01.28 22:25 B C:\My Documents\Website\pictures\lydden\lydden57.jpg --> uploads.webspace.freeserve.net /pictures/lydden lydden57.jpg
2002.01.28 22:25 B C:\My Documents\Website\pictures\lydden\lydden57_t.jpg --> uploads.webspace.freeserve.net /pictures/lydden lydden57_t.jpg
2002.01.28 22:26 B C:\My Documents\Website\pictures\lydden\lydden58.jpg --> uploads.webspace.freeserve.net /pictures/lydden lydden58.jpg
2002.01.28 22:26 B C:\My Documents\Website\pictures\lydden\lydden58_t.jpg --> uploads.webspace.freeserve.net /pictures/lydden lydden58_t.jpg
2002.01.28 22:26 B C:\My Documents\Website\pictures\lydden\lydden60.jpg --> uploads.webspace.freeserve.net /pictures/lydden lydden60.jpg
2002.01.28 22:26 B C:\My Documents\Website\pictures\lydden\lydden60_t.jpg --> uploads.webspace.freeserve.net /pictures/lydden lydden60_t.jpg
2002.01.28 22:26 B C:\My Documents\Website\pictures\lydden\lydden61.jpg --> uploads.webspace.freeserve.net /pictures/lydden lydden61.jpg
2002.01.28 22:26 B C:\My Documents\Website\pictures\lydden\lydden61_t.jpg --> uploads.webspace.freeserve.net /pictures/lydden lydden61_t.jpg
2002.01.28 22:27 B C:\My Documents\Website\pictures\lydden\lydden62.jpg --> uploads.webspace.freeserve.net /pictures/lydden lydden62.jpg
2002.01.28 22:27 B C:\My Documents\Website\pictures\lydden\lydden62_t.jpg --> uploads.webspace.freeserve.net /pictures/lydden lydden62_t.jpg
2002.01.28 22:27 B C:\My Documents\Website\pictures\lydden\lydden67.jpg --> uploads.webspace.freeserve.net /pictures/lydden lydden67.jpg
2002.01.28 22:27 B C:\My Documents\Website\pictures\lydden\lydden67_t.jpg --> uploads.webspace.freeserve.net /pictures/lydden lydden67_t.jpg
2002.01.28 22:28 B C:\My Documents\Website\pictures\lydden\lydden_10.jpg --> uploads.webspace.freeserve.net /pictures/lydden lydden_10.jpg
2005.03.06 13:50 B C:\Website\pictures\lydden\lydden1.jpg --> ftp.badasssolutions.co.uk /public_html/dowsonracing/pictures/lydden lydden1.jpg
2005.03.06 13:50 B C:\Website\pictures\lydden\lydden10.jpg --> ftp.badasssolutions.co.uk /public_html/dowsonracing/pictures/lydden lydden10.jpg
2005.03.06 13:50 B C:\Website\pictures\lydden\lydden10_t.jpg --> ftp.badasssolutions.co.uk /public_html/dowsonracing/pictures/lydden lydden10_t.jpg
2005.03.06 13:50 B C:\Website\pictures\lydden\lydden13.jpg --> ftp.badasssolutions.co.uk /public_html/dowsonracing/pictures/lydden lydden13.jpg
2005.03.06 13:50 B C:\Website\pictures\lydden\lydden13_t.jpg --> ftp.badasssolutions.co.uk /public_html/dowsonracing/pictures/lydden lydden13_t.jpg
2005.03.06 13:50 B C:\Website\pictures\lydden\lydden14.jpg --> ftp.badasssolutions.co.uk /public_html/dowsonracing/pictures/lydden lydden14.jpg
2005.03.06 13:50 B C:\Website\pictures\lydden\lydden14_t.jpg --> ftp.badasssolutions.co.uk /public_html/dowsonracing/pictures/lydden lydden14_t.jpg
2005.03.06 13:50 B C:\Website\pictures\lydden\lydden15.jpg --> ftp.badasssolutions.co.uk /public_html/dowsonracing/pictures/lydden lydden15.jpg
2005.03.06 13:50 B C:\Website\pictures\lydden\lydden15_t.jpg --> ftp.badasssolutions.co.uk /public_html/dowsonracing/pictures/lydden lydden15_t.jpg
2005.03.06 13:50 B C:\Website\pictures\lydden\lydden18.jpg --> ftp.badasssolutions.co.uk /public_html/dowsonracing/pictures/lydden lydden18.jpg
2005.03.06 13:50 B C:\Website\pictures\lydden\lydden18_t.jpg --> ftp.badasssolutions.co.uk /public_html/dowsonracing/pictures/lydden lydden18_t.jpg
2005.03.06 13:50 B C:\Website\pictures\lydden\lydden1_t.jpg --> ftp.badasssolutions.co.uk /public_html/dowsonracing/pictures/lydden lydden1_t.jpg
2005.03.06 13:50 B C:\Website\pictures\lydden\lydden22.jpg --> ftp.badasssolutions.co.uk /public_html/dowsonracing/pictures/lydden lydden22.jpg
2005.03.06 13:50 B C:\Website\pictures\lydden\lydden22_t.jpg --> ftp.badasssolutions.co.uk /public_html/dowsonracing/pictures/lydden lydden22_t.jpg
2005.03.06 13:50 B C:\Website\pictures\lydden\lydden23.jpg --> ftp.badasssolutions.co.uk /public_html/dowsonracing/pictures/lydden lydden23.jpg
2005.03.06 13:50 B C:\Website\pictures\lydden\lydden23_t.jpg --> ftp.badasssolutions.co.uk /public_html/dowsonracing/pictures/lydden lydden23_t.jpg
2005.03.06 13:50 B C:\Website\pictures\lydden\lydden25.jpg --> ftp.badasssolutions.co.uk /public_html/dowsonracing/pictures/lydden lydden25.jpg
2005.03.06 13:50 B C:\Website\pictures\lydden\lydden25_t.jpg --> ftp.badasssolutions.co.uk /public_html/dowsonracing/pictures/lydden lydden25_t.jpg
2005.03.06 13:50 B C:\Website\pictures\lydden\lydden3.jpg --> ftp.badasssolutions.co.uk /public_html/dowsonracing/pictures/lydden lydden3.jpg
2005.03.06 13:50 B C:\Website\pictures\lydden\lydden30.jpg --> ftp.badasssolutions.co.uk /public_html/dowsonracing/pictures/lydden lydden30.jpg
2005.03.06 13:51 B C:\Website\pictures\lydden\lydden30_t.jpg --> ftp.badasssolutions.co.uk /public_html/dowsonracing/pictures/lydden lydden30_t.jpg
2005.03.06 13:51 B C:\Website\pictures\lydden\lydden31.jpg --> ftp.badasssolutions.co.uk /public_html/dowsonracing/pictures/lydden lydden31.jpg
2005.03.06 13:51 B C:\Website\pictures\lydden\lydden31_t.jpg --> ftp.badasssolutions.co.uk /public_html/dowsonracing/pictures/lydden lydden31_t.jpg
2005.03.06 13:51 B C:\Website\pictures\lydden\lydden32.jpg --> ftp.badasssolutions.co.uk /public_html/dowsonracing/pictures/lydden lydden32.jpg
2005.03.06 13:51 B C:\Website\pictures\lydden\lydden32_t.jpg --> ftp.badasssolutions.co.uk /public_html/dowsonracing/pictures/lydden lydden32_t.jpg
2005.03.06 13:51 B C:\Website\pictures\lydden\lydden34.jpg --> ftp.badasssolutions.co.uk /public_html/dowsonracing/pictures/lydden lydden34.jpg
2005.03.06 13:51 B C:\Website\pictures\lydden\lydden34_t.jpg --> ftp.badasssolutions.co.uk /public_html/dowsonracing/pictures/lydden lydden34_t.jpg
2005.03.06 13:51 B C:\Website\pictures\lydden\lydden35.jpg --> ftp.badasssolutions.co.uk /public_html/dowsonracing/pictures/lydden lydden35.jpg
2005.03.06 13:51 B C:\Website\pictures\lydden\lydden35_t.jpg --> ftp.badasssolutions.co.uk /public_html/dowsonracing/pictures/lydden lydden35_t.jpg
2005.03.06 13:51 B C:\Website\pictures\lydden\lydden3_t.jpg --> ftp.badasssolutions.co.uk /public_html/dowsonracing/pictures/lydden lydden3_t.jpg
2005.03.06 13:51 B C:\Website\pictures\lydden\lydden4.jpg --> ftp.badasssolutions.co.uk /public_html/dowsonracing/pictures/lydden lydden4.jpg
2005.03.06 13:51 B C:\Website\pictures\lydden\lydden4_t.jpg --> ftp.badasssolutions.co.uk /public_html/dowsonracing/pictures/lydden lydden4_t.jpg
2005.03.06 13:51 B C:\Website\pictures\lydden\lydden50.jpg --> ftp.badasssolutions.co.uk /public_html/dowsonracing/pictures/lydden lydden50.jpg
2005.03.06 13:51 B C:\Website\pictures\lydden\lydden50_t.jpg --> ftp.badasssolutions.co.uk /public_html/dowsonracing/pictures/lydden lydden50_t.jpg
2005.03.06 13:51 B C:\Website\pictures\lydden\lydden52.jpg --> ftp.badasssolutions.co.uk /public_html/dowsonracing/pictures/lydden lydden52.jpg
2005.03.06 13:51 B C:\Website\pictures\lydden\lydden52_t.jpg --> ftp.badasssolutions.co.uk /public_html/dowsonracing/pictures/lydden lydden52_t.jpg
2005.03.06 13:51 B C:\Website\pictures\lydden\lydden53.jpg --> ftp.badasssolutions.co.uk /public_html/dowsonracing/pictures/lydden lydden53.jpg
2005.03.06 13:51 B C:\Website\pictures\lydden\lydden53_t.jpg --> ftp.badasssolutions.co.uk /public_html/dowsonracing/pictures/lydden lydden53_t.jpg
2005.03.06 13:51 B C:\Website\pictures\lydden\lydden55.jpg --> ftp.badasssolutions.co.uk /public_html/dowsonracing/pictures/lydden lydden55.jpg
2005.03.06 13:51 B C:\Website\pictures\lydden\lydden55_t.jpg --> ftp.badasssolutions.co.uk /public_html/dowsonracing/pictures/lydden lydden55_t.jpg
2005.03.06 13:51 B C:\Website\pictures\lydden\lydden57.jpg --> ftp.badasssolutions.co.uk /public_html/dowsonracing/pictures/lydden lydden57.jpg
2005.03.06 13:51 B C:\Website\pictures\lydden\lydden57_t.jpg --> ftp.badasssolutions.co.uk /public_html/dowsonracing/pictures/lydden lydden57_t.jpg
2005.03.06 13:51 B C:\Website\pictures\lydden\lydden58.jpg --> ftp.badasssolutions.co.uk /public_html/dowsonracing/pictures/lydden lydden58.jpg
2005.03.06 13:51 B C:\Website\pictures\lydden\lydden58_t.jpg --> ftp.badasssolutions.co.uk /public_html/dowsonracing/pictures/lydden lydden58_t.jpg
2005.03.06 13:51 B C:\Website\pictures\lydden\lydden60.jpg --> ftp.badasssolutions.co.uk /public_html/dowsonracing/pictures/lydden lydden60.jpg
2005.03.06 13:51 B C:\Website\pictures\lydden\lydden60_t.jpg --> ftp.badasssolutions.co.uk /public_html/dowsonracing/pictures/lydden lydden60_t.jpg
2005.03.06 13:51 B C:\Website\pictures\lydden\lydden61.jpg --> ftp.badasssolutions.co.uk /public_html/dowsonracing/pictures/lydden lydden61.jpg
2005.03.06 13:51 B C:\Website\pictures\lydden\lydden61_t.jpg --> ftp.badasssolutions.co.uk /public_html/dowsonracing/pictures/lydden lydden61_t.jpg
2005.03.06 13:51 B C:\Website\pictures\lydden\lydden62.jpg --> ftp.badasssolutions.co.uk /public_html/dowsonracing/pictures/lydden lydden62.jpg
2005.03.06 13:51 B C:\Website\pictures\lydden\lydden62_t.jpg --> ftp.badasssolutions.co.uk /public_html/dowsonracing/pictures/lydden lydden62_t.jpg
2005.03.06 13:51 B C:\Website\pictures\lydden\lydden67.jpg --> ftp.badasssolutions.co.uk /public_html/dowsonracing/pictures/lydden lydden67.jpg
2005.03.06 13:51 B C:\Website\pictures\lydden\lydden67_t.jpg --> ftp.badasssolutions.co.uk /public_html/dowsonracing/pictures/lydden lydden67_t.jpg
