2001.04.14 11:32 B C:\My Documents\Website\pictures\competitors\silver_030301_casey.jpg --> uploads.webspace.freeserve.net /pictures/competitors silver_030301_casey.jpg
2001.04.14 11:32 B C:\My Documents\Website\pictures\competitors\silver_030301_casey_t.jpg --> uploads.webspace.freeserve.net /pictures/competitors silver_030301_casey_t.jpg
2001.04.14 11:33 B C:\My Documents\Website\pictures\competitors\silver_030301_clark.jpg --> uploads.webspace.freeserve.net /pictures/competitors silver_030301_clark.jpg
2001.04.14 11:33 B C:\My Documents\Website\pictures\competitors\silver_030301_clark_t.jpg --> uploads.webspace.freeserve.net /pictures/competitors silver_030301_clark_t.jpg
2001.04.14 11:34 B C:\My Documents\Website\pictures\competitors\silver_030301_cooper1.jpg --> uploads.webspace.freeserve.net /pictures/competitors silver_030301_cooper1.jpg
2001.04.14 11:34 B C:\My Documents\Website\pictures\competitors\silver_030301_cooper2.jpg --> uploads.webspace.freeserve.net /pictures/competitors silver_030301_cooper2.jpg
2001.04.14 11:34 B C:\My Documents\Website\pictures\competitors\silver_030301_cooper2_t.jpg --> uploads.webspace.freeserve.net /pictures/competitors silver_030301_cooper2_t.jpg
2001.04.14 11:35 B C:\My Documents\Website\pictures\competitors\silver_030301_randall.jpg --> uploads.webspace.freeserve.net /pictures/competitors silver_030301_randall.jpg
2001.04.14 11:35 B C:\My Documents\Website\pictures\competitors\silver_030301_randall_t.jpg --> uploads.webspace.freeserve.net /pictures/competitors silver_030301_randall_t.jpg
2001.06.09 10:33 B C:\My Documents\Website\pictures\competitors\silver_030301_randall_t.JPG --> uploads.webspace.freeserve.net /pictures/competitors silver_030301_randall_t.JPG
2001.06.09 10:33 B C:\My Documents\Website\pictures\competitors\silver_030301_cooper2_t.JPG --> uploads.webspace.freeserve.net /pictures/competitors silver_030301_cooper2_t.JPG
2001.06.09 10:33 B C:\My Documents\Website\pictures\competitors\silver_030301_clark_t.JPG --> uploads.webspace.freeserve.net /pictures/competitors silver_030301_clark_t.JPG
2001.06.09 10:33 B C:\My Documents\Website\pictures\competitors\silver_030301_casey_t.JPG --> uploads.webspace.freeserve.net /pictures/competitors silver_030301_casey_t.JPG
2001.06.09 10:33 B C:\My Documents\Website\pictures\competitors\mallory_030601_kershaw_t.JPG --> uploads.webspace.freeserve.net /pictures/competitors mallory_030601_kershaw_t.JPG
2001.06.09 10:33 B C:\My Documents\Website\pictures\competitors\mallory_030601_atkins_t.JPG --> uploads.webspace.freeserve.net /pictures/competitors mallory_030601_atkins_t.JPG
2001.06.09 10:33 B C:\My Documents\Website\pictures\competitors\mallory_030601_pascall_t.JPG --> uploads.webspace.freeserve.net /pictures/competitors mallory_030601_pascall_t.JPG
2001.06.09 10:33 B C:\My Documents\Website\pictures\competitors\mallory_030601_redman_t.JPG --> uploads.webspace.freeserve.net /pictures/competitors mallory_030601_redman_t.JPG
2001.06.09 10:34 B C:\My Documents\Website\pictures\competitors\mallory_030601_willetts_t.JPG --> uploads.webspace.freeserve.net /pictures/competitors mallory_030601_willetts_t.JPG
2001.06.09 10:34 B C:\My Documents\Website\pictures\competitors\mallory_030601_cooper_t.JPG --> uploads.webspace.freeserve.net /pictures/competitors mallory_030601_cooper_t.JPG
2001.06.09 10:34 B C:\My Documents\Website\pictures\competitors\mallory_030601_glasswell_t.JPG --> uploads.webspace.freeserve.net /pictures/competitors mallory_030601_glasswell_t.JPG
2001.06.09 10:34 B C:\My Documents\Website\pictures\competitors\mallory_030601_borrow_t.JPG --> uploads.webspace.freeserve.net /pictures/competitors mallory_030601_borrow_t.JPG
2001.06.09 10:34 B C:\My Documents\Website\pictures\competitors\mallory_030601_redman.JPG --> uploads.webspace.freeserve.net /pictures/competitors mallory_030601_redman.JPG
2001.06.09 10:35 B C:\My Documents\Website\pictures\competitors\mallory_030601_pascall.JPG --> uploads.webspace.freeserve.net /pictures/competitors mallory_030601_pascall.JPG
2001.06.09 10:35 B C:\My Documents\Website\pictures\competitors\mallory_030601_kershaw.JPG --> uploads.webspace.freeserve.net /pictures/competitors mallory_030601_kershaw.JPG
2001.06.09 10:36 B C:\My Documents\Website\pictures\competitors\mallory_030601_cooper.JPG --> uploads.webspace.freeserve.net /pictures/competitors mallory_030601_cooper.JPG
2001.06.09 10:37 B C:\My Documents\Website\pictures\competitors\mallory_030601_atkins.JPG --> uploads.webspace.freeserve.net /pictures/competitors mallory_030601_atkins.JPG
2001.06.09 10:37 B C:\My Documents\Website\pictures\competitors\mallory_030601_willetts.JPG --> uploads.webspace.freeserve.net /pictures/competitors mallory_030601_willetts.JPG
2001.06.09 10:38 B C:\My Documents\Website\pictures\competitors\mallory_030601_glasswell.JPG --> uploads.webspace.freeserve.net /pictures/competitors mallory_030601_glasswell.JPG
2001.06.09 10:38 B C:\My Documents\Website\pictures\competitors\mallory_030601_borrow.JPG --> uploads.webspace.freeserve.net /pictures/competitors mallory_030601_borrow.JPG
2005.03.06 13:49 B C:\Website\pictures\competitors\mallory_030601_atkins.JPG --> ftp.badasssolutions.co.uk /public_html/dowsonracing/pictures/competitors mallory_030601_atkins.JPG
2005.03.06 13:49 B C:\Website\pictures\competitors\mallory_030601_atkins_t.JPG --> ftp.badasssolutions.co.uk /public_html/dowsonracing/pictures/competitors mallory_030601_atkins_t.JPG
2005.03.06 13:49 B C:\Website\pictures\competitors\mallory_030601_borrow.JPG --> ftp.badasssolutions.co.uk /public_html/dowsonracing/pictures/competitors mallory_030601_borrow.JPG
2005.03.06 13:49 B C:\Website\pictures\competitors\mallory_030601_borrow_t.JPG --> ftp.badasssolutions.co.uk /public_html/dowsonracing/pictures/competitors mallory_030601_borrow_t.JPG
2005.03.06 13:49 B C:\Website\pictures\competitors\mallory_030601_cooper.JPG --> ftp.badasssolutions.co.uk /public_html/dowsonracing/pictures/competitors mallory_030601_cooper.JPG
2005.03.06 13:49 B C:\Website\pictures\competitors\mallory_030601_cooper_t.JPG --> ftp.badasssolutions.co.uk /public_html/dowsonracing/pictures/competitors mallory_030601_cooper_t.JPG
2005.03.06 13:49 B C:\Website\pictures\competitors\mallory_030601_glasswell.JPG --> ftp.badasssolutions.co.uk /public_html/dowsonracing/pictures/competitors mallory_030601_glasswell.JPG
2005.03.06 13:49 B C:\Website\pictures\competitors\mallory_030601_glasswell_t.JPG --> ftp.badasssolutions.co.uk /public_html/dowsonracing/pictures/competitors mallory_030601_glasswell_t.JPG
2005.03.06 13:49 B C:\Website\pictures\competitors\mallory_030601_kershaw.JPG --> ftp.badasssolutions.co.uk /public_html/dowsonracing/pictures/competitors mallory_030601_kershaw.JPG
2005.03.06 13:49 B C:\Website\pictures\competitors\mallory_030601_kershaw_t.JPG --> ftp.badasssolutions.co.uk /public_html/dowsonracing/pictures/competitors mallory_030601_kershaw_t.JPG
2005.03.06 13:49 B C:\Website\pictures\competitors\mallory_030601_pascall.JPG --> ftp.badasssolutions.co.uk /public_html/dowsonracing/pictures/competitors mallory_030601_pascall.JPG
2005.03.06 13:49 B C:\Website\pictures\competitors\mallory_030601_pascall_t.JPG --> ftp.badasssolutions.co.uk /public_html/dowsonracing/pictures/competitors mallory_030601_pascall_t.JPG
2005.03.06 13:49 B C:\Website\pictures\competitors\mallory_030601_redman.JPG --> ftp.badasssolutions.co.uk /public_html/dowsonracing/pictures/competitors mallory_030601_redman.JPG
2005.03.06 13:49 B C:\Website\pictures\competitors\mallory_030601_redman_t.JPG --> ftp.badasssolutions.co.uk /public_html/dowsonracing/pictures/competitors mallory_030601_redman_t.JPG
2005.03.06 13:49 B C:\Website\pictures\competitors\mallory_030601_willetts.JPG --> ftp.badasssolutions.co.uk /public_html/dowsonracing/pictures/competitors mallory_030601_willetts.JPG
2005.03.06 13:49 B C:\Website\pictures\competitors\mallory_030601_willetts_t.JPG --> ftp.badasssolutions.co.uk /public_html/dowsonracing/pictures/competitors mallory_030601_willetts_t.JPG
2005.03.06 13:49 B C:\Website\pictures\competitors\silver_030301_casey.JPG --> ftp.badasssolutions.co.uk /public_html/dowsonracing/pictures/competitors silver_030301_casey.JPG
2005.03.06 13:49 B C:\Website\pictures\competitors\silver_030301_casey_t.JPG --> ftp.badasssolutions.co.uk /public_html/dowsonracing/pictures/competitors silver_030301_casey_t.JPG
2005.03.06 13:50 B C:\Website\pictures\competitors\silver_030301_clark.JPG --> ftp.badasssolutions.co.uk /public_html/dowsonracing/pictures/competitors silver_030301_clark.JPG
2005.03.06 13:50 B C:\Website\pictures\competitors\silver_030301_clark_t.JPG --> ftp.badasssolutions.co.uk /public_html/dowsonracing/pictures/competitors silver_030301_clark_t.JPG
2005.03.06 13:50 B C:\Website\pictures\competitors\silver_030301_cooper1.JPG --> ftp.badasssolutions.co.uk /public_html/dowsonracing/pictures/competitors silver_030301_cooper1.JPG
2005.03.06 13:50 B C:\Website\pictures\competitors\silver_030301_cooper2.JPG --> ftp.badasssolutions.co.uk /public_html/dowsonracing/pictures/competitors silver_030301_cooper2.JPG
2005.03.06 13:50 B C:\Website\pictures\competitors\silver_030301_cooper2_t.JPG --> ftp.badasssolutions.co.uk /public_html/dowsonracing/pictures/competitors silver_030301_cooper2_t.JPG
2005.03.06 13:50 B C:\Website\pictures\competitors\silver_030301_randall.JPG --> ftp.badasssolutions.co.uk /public_html/dowsonracing/pictures/competitors silver_030301_randall.JPG
2005.03.06 13:50 B C:\Website\pictures\competitors\silver_030301_randall_t.JPG --> ftp.badasssolutions.co.uk /public_html/dowsonracing/pictures/competitors silver_030301_randall_t.JPG
