2000.12.31 13:13 B C:\Website\RESULTS\BAZ.TXT --> uploads.webspace.freeserve.net /RESULTS BAZ.TXT
2000.12.31 13:13 B C:\Website\RESULTS\FOO.TXT --> uploads.webspace.freeserve.net /RESULTS FOO.TXT
2000.12.31 13:13 B C:\Website\RESULTS\mal_praca_280399.RTF --> uploads.webspace.freeserve.net /RESULTS mal_praca_280399.RTF
2000.12.31 13:13 B C:\Website\RESULTS\Mallory0810.doc --> uploads.webspace.freeserve.net /RESULTS Mallory0810.doc
2000.12.31 13:14 B C:\Website\RESULTS\mallory_081000.html --> uploads.webspace.freeserve.net /RESULTS mallory_081000.html
2000.12.31 13:14 B C:\Website\RESULTS\oulton_141000.html --> uploads.webspace.freeserve.net /RESULTS oulton_141000.html
2000.12.31 13:14 B C:\Website\RESULTS\results_style.css --> uploads.webspace.freeserve.net /RESULTS results_style.css
2000.12.31 13:14 B C:\Website\RESULTS\snetter_170900.html --> uploads.webspace.freeserve.net /RESULTS snetter_170900.html
2000.12.31 13:14 B C:\Website\RESULTS\ss_raceb_150700.html --> uploads.webspace.freeserve.net /RESULTS ss_raceb_150700.html
2000.12.31 13:14 B C:\Website\RESULTS\ss_raceb_150700.RTF --> uploads.webspace.freeserve.net /RESULTS ss_raceb_150700.RTF
2000.12.31 13:14 B C:\Website\RESULTS\ss_raceb_150700.txt --> uploads.webspace.freeserve.net /RESULTS ss_raceb_150700.txt
2001.01.03 22:34 B C:\Website\results\mallory_081000.html --> uploads.webspace.freeserve.net /results mallory_081000.html
2001.01.03 22:34 B C:\Website\results\oulton_141000.html --> uploads.webspace.freeserve.net /results oulton_141000.html
2001.01.03 22:34 B C:\Website\results\snetter_170900.html --> uploads.webspace.freeserve.net /results snetter_170900.html
2001.01.03 22:34 B C:\Website\results\WS_FTP.LOG --> uploads.webspace.freeserve.net /results WS_FTP.LOG
2001.01.03 22:48 B C:\Website\results\mallory_081000.html --> uploads.webspace.freeserve.net /results mallory_081000.html
2001.01.03 22:48 B C:\Website\results\oulton_141000.html --> uploads.webspace.freeserve.net /results oulton_141000.html
2001.01.03 22:48 B C:\Website\results\snetter_170900.html --> uploads.webspace.freeserve.net /results snetter_170900.html
2001.01.20 09:19 B C:\My Documents\Website\results\oulton_141000.html --> uploads.webspace.freeserve.net /results oulton_141000.html
2001.04.14 11:48 B C:\My Documents\Website\results\silver_030301.html --> uploads.webspace.freeserve.net /results silver_030301.html
2001.04.14 11:48 B C:\My Documents\Website\results\silver_030301r.html --> uploads.webspace.freeserve.net /results silver_030301r.html
2001.04.14 11:48 B C:\My Documents\Website\results\silver_030301p.html --> uploads.webspace.freeserve.net /results silver_030301p.html
2001.04.14 11:48 B C:\My Documents\Website\results\silver_030301g.html --> uploads.webspace.freeserve.net /results silver_030301g.html
2001.04.16 12:10 B C:\My Documents\Website\results\snetter_170900.html --> uploads.webspace.freeserve.net /results snetter_170900.html
2001.04.16 19:41 B C:\My Documents\Website\results\snetter_080401.html --> uploads.webspace.freeserve.net /results snetter_080401.html
2001.04.16 19:41 B C:\My Documents\Website\results\silver_030301.html --> uploads.webspace.freeserve.net /results silver_030301.html
2001.04.16 19:41 B C:\My Documents\Website\results\snetter_170900.html --> uploads.webspace.freeserve.net /results snetter_170900.html
2001.04.16 19:41 B C:\My Documents\Website\results\mallory_081000.html --> uploads.webspace.freeserve.net /results mallory_081000.html
2001.08.22 22:22 B C:\My Documents\Website\results\cadwell_200501.html --> uploads.webspace.freeserve.net /results cadwell_200501.html
2001.08.22 22:22 B C:\My Documents\Website\results\donnington_060501.html --> uploads.webspace.freeserve.net /results donnington_060501.html
2001.08.22 22:22 B C:\My Documents\Website\results\results_style.css --> uploads.webspace.freeserve.net /results results_style.css
2001.08.22 22:29 B C:\My Documents\Website\results\cadwell_200501.html --> uploads.webspace.freeserve.net /results cadwell_200501.html
2001.09.16 15:03 B C:\My Documents\Website\results\mallory_030601.html --> uploads.webspace.freeserve.net /results mallory_030601.html
2001.09.16 15:07 B C:\My Documents\Website\results\mallory_030601.html --> uploads.webspace.freeserve.net /results mallory_030601.html
2001.09.16 15:08 B C:\My Documents\Website\results\mallory_030601.html --> uploads.webspace.freeserve.net /results mallory_030601.html
2001.09.16 15:08 B C:\My Documents\Website\results\mallory_030601.html --> uploads.webspace.freeserve.net /results mallory_030601.html
2001.09.16 15:14 B C:\My Documents\Website\results\mallory_030601.html --> uploads.webspace.freeserve.net /results mallory_030601.html
2001.09.17 22:10 B C:\My Documents\Website\results\snetter_170601.html --> uploads.webspace.freeserve.net /results snetter_170601.html
2001.09.17 22:10 B C:\My Documents\Website\results\pembrey_070701.html --> uploads.webspace.freeserve.net /results pembrey_070701.html
2002.03.25 22:18 B C:\My Documents\Website\results\donn_170302.html --> uploads.webspace.freeserve.net /results donn_170302.html
2002.03.25 22:20 B C:\My Documents\Website\results\donn_170302.html --> uploads.webspace.freeserve.net /results donn_170302.html
2002.03.25 22:44 B C:\My Documents\Website\results\donn_170302.html --> uploads.webspace.freeserve.net /results donn_170302.html
2002.03.25 22:48 B C:\My Documents\Website\results\donn_170302.html --> uploads.webspace.freeserve.net /results donn_170302.html
2002.05.13 22:31 B C:\My Documents\Website\results\menu.html --> uploads.webspace.freeserve.net / menu.html
2002.05.13 22:32 B C:\My Documents\Website\results\donnington_060501.html --> uploads.webspace.freeserve.net /results donnington_060501.html
2002.05.13 22:32 B C:\My Documents\Website\results\mallory_030601.html --> uploads.webspace.freeserve.net /results mallory_030601.html
2002.05.13 22:32 B C:\My Documents\Website\results\cadwell_200501.html --> uploads.webspace.freeserve.net /results cadwell_200501.html
2002.05.13 22:33 B C:\My Documents\Website\results\snetter_170601.html --> uploads.webspace.freeserve.net /results snetter_170601.html
2002.05.13 22:34 B C:\My Documents\Website\results\donn_170302.html --> uploads.webspace.freeserve.net /results donn_170302.html
2002.05.13 22:35 B C:\My Documents\Website\results\donnington_060501.html --> uploads.webspace.freeserve.net /results donnington_060501.html
2002.05.13 22:35 B C:\My Documents\Website\results\mallory_030601.html --> uploads.webspace.freeserve.net /results mallory_030601.html
2002.05.13 22:36 B C:\My Documents\Website\results\cadwell_200501.html --> uploads.webspace.freeserve.net /results cadwell_200501.html
2002.05.13 22:36 B C:\My Documents\Website\results\snetter_170601.html --> uploads.webspace.freeserve.net /results snetter_170601.html
2002.05.13 22:36 B C:\My Documents\Website\results\donn_170302.html --> uploads.webspace.freeserve.net /results donn_170302.html
2002.05.13 22:38 B C:\My Documents\Website\results\donnington_060501.html --> uploads.webspace.freeserve.net /results donnington_060501.html
2002.05.13 22:38 B C:\My Documents\Website\results\donn_170302.html --> uploads.webspace.freeserve.net /results donn_170302.html
2002.05.21 00:00 B C:\My Documents\Website\results\oulton_060402.html --> uploads.webspace.freeserve.net /results oulton_060402.html
2002.05.21 00:01 B C:\My Documents\Website\results\donn_170302.html --> uploads.webspace.freeserve.net /results donn_170302.html
2002.05.21 00:04 B C:\My Documents\Website\results\oulton_060402.html --> uploads.webspace.freeserve.net /results oulton_060402.html
2002.08.24 13:44 B C:\My Documents\Website\results\brands_270402.html --> uploads.webspace.freeserve.net /results brands_270402.html
2002.08.24 13:47 B C:\My Documents\Website\results\brands_270402.html --> uploads.webspace.freeserve.net /results brands_270402.html
2003.02.12 23:59 B C:\My Documents\Website\results\pembrey_150602.html --> uploads.webspace.freeserve.net /results pembrey_150602.html
2003.02.15 12:49 B C:\My Documents\Website\results\silver_270702.html --> uploads.webspace.freeserve.net /results silver_270702.html
2003.02.15 12:53 B C:\My Documents\Website\results\silver_270702.html --> uploads.webspace.freeserve.net /results silver_270702.html
2003.02.15 12:55 B C:\My Documents\Website\results\silver_270702.html --> uploads.webspace.freeserve.net /results silver_270702.html
2003.02.18 20:20 B C:\My Documents\Website\results\silver_270702.html --> uploads.webspace.freeserve.net /results silver_270702.html
2003.05.03 09:40 B C:\My Documents\Website\results\mallory_090303.html --> uploads.webspace.freeserve.net /results mallory_090303.html
2003.05.07 08:32 B C:\My Documents\Website\results\donn_290303.html --> uploads.webspace.freeserve.net /results donn_290303.html
2003.05.07 22:33 B C:\My Documents\Website\results\donn_290303.html --> uploads.webspace.freeserve.net /results donn_290303.html
2003.07.15 08:04 B C:\Cd2\My Documents\Website\results\cadwell_280603.html --> uploads.webspace.freeserve.net /results cadwell_280603.html
2003.07.15 22:07 B C:\Cd2\My Documents\Website\results\brands_130403.html --> uploads.webspace.freeserve.net /results brands_130403.html
2003.08.27 21:16 B C:\Cd software\My Documents\Website\results\silver_240803.html --> uploads.webspace.freeserve.net /results silver_240803.html
2003.11.18 22:54 B C:\Website\results\cadwell_280903.html --> uploads.webspace.freeserve.net /results cadwell_280903.html
2003.11.18 22:55 B C:\Website\results\cadwell_280903.html --> uploads.webspace.freeserve.net /results cadwell_280903.html
2003.11.24 23:54 B C:\Website\results\cadwell_280903.html --> uploads.webspace.freeserve.net /results cadwell_280903.html
2003.11.25 00:00 B C:\Website\results\cadwell_280903.html --> uploads.webspace.freeserve.net /results cadwell_280903.html
2003.12.15 22:47 B C:\Website\results\mallory_191003.html --> uploads.webspace.freeserve.net /results mallory_191003.html
2005.03.06 13:57 B C:\Website\results\brands_130403.html --> ftp.badasssolutions.co.uk /public_html/dowsonracing/results brands_130403.html
2005.03.06 13:57 B C:\Website\results\brands_270402.html --> ftp.badasssolutions.co.uk /public_html/dowsonracing/results brands_270402.html
2005.03.06 13:57 B C:\Website\results\brands_270402.pdf --> ftp.badasssolutions.co.uk /public_html/dowsonracing/results brands_270402.pdf
2005.03.06 13:57 B C:\Website\results\cadwell03.txt --> ftp.badasssolutions.co.uk /public_html/dowsonracing/results cadwell03.txt
2005.03.06 13:57 B C:\Website\results\cadwell_200501.html --> ftp.badasssolutions.co.uk /public_html/dowsonracing/results cadwell_200501.html
2005.03.06 13:57 B C:\Website\results\cadwell_280603.html --> ftp.badasssolutions.co.uk /public_html/dowsonracing/results cadwell_280603.html
2005.03.06 13:57 B C:\Website\results\cadwell_280903.html --> ftp.badasssolutions.co.uk /public_html/dowsonracing/results cadwell_280903.html
2005.03.06 13:57 B C:\Website\results\Cadwell_Park_28th_September_Formula_Vee.pdf --> ftp.badasssolutions.co.uk /public_html/dowsonracing/results Cadwell_Park_28th_September_Formula_Vee.pdf
2005.03.06 13:57 B C:\Website\results\donn_170302.html --> ftp.badasssolutions.co.uk /public_html/dowsonracing/results donn_170302.html
2005.03.06 13:57 B C:\Website\results\donn_290303.html --> ftp.badasssolutions.co.uk /public_html/dowsonracing/results donn_290303.html
2005.03.06 13:57 B C:\Website\results\donnington_060501.html --> ftp.badasssolutions.co.uk /public_html/dowsonracing/results donnington_060501.html
2005.03.06 13:57 B C:\Website\results\mal_praca_280399.RTF --> ftp.badasssolutions.co.uk /public_html/dowsonracing/results mal_praca_280399.RTF
2005.03.06 13:57 B C:\Website\results\Mallory0810.doc --> ftp.badasssolutions.co.uk /public_html/dowsonracing/results Mallory0810.doc
2005.03.06 13:57 B C:\Website\results\mallory_030601.html --> ftp.badasssolutions.co.uk /public_html/dowsonracing/results mallory_030601.html
2005.03.06 13:57 B C:\Website\results\mallory_081000.html --> ftp.badasssolutions.co.uk /public_html/dowsonracing/results mallory_081000.html
2005.03.06 13:57 B C:\Website\results\mallory_090303.html --> ftp.badasssolutions.co.uk /public_html/dowsonracing/results mallory_090303.html
2005.03.06 13:57 B C:\Website\results\mallory_191003.html --> ftp.badasssolutions.co.uk /public_html/dowsonracing/results mallory_191003.html
2005.03.06 13:57 B C:\Website\results\oulton_060402.html --> ftp.badasssolutions.co.uk /public_html/dowsonracing/results oulton_060402.html
2005.03.06 13:57 B C:\Website\results\oulton_141000.html --> ftp.badasssolutions.co.uk /public_html/dowsonracing/results oulton_141000.html
2005.03.06 13:57 B C:\Website\results\pembrey_070701.html --> ftp.badasssolutions.co.uk /public_html/dowsonracing/results pembrey_070701.html
2005.03.06 13:57 B C:\Website\results\pembrey_150602.html --> ftp.badasssolutions.co.uk /public_html/dowsonracing/results pembrey_150602.html
2005.03.06 13:57 B C:\Website\results\Result Template.html --> ftp.badasssolutions.co.uk /public_html/dowsonracing/results Result Template.html
2005.03.06 13:57 B C:\Website\results\results_style.css --> ftp.badasssolutions.co.uk /public_html/dowsonracing/results results_style.css
2005.03.06 13:57 B C:\Website\results\silver_030301.html --> ftp.badasssolutions.co.uk /public_html/dowsonracing/results silver_030301.html
2005.03.06 13:57 B C:\Website\results\silver_030301g.html --> ftp.badasssolutions.co.uk /public_html/dowsonracing/results silver_030301g.html
2005.03.06 13:57 B C:\Website\results\silver_030301p.html --> ftp.badasssolutions.co.uk /public_html/dowsonracing/results silver_030301p.html
2005.03.06 13:57 B C:\Website\results\silver_030301r.html --> ftp.badasssolutions.co.uk /public_html/dowsonracing/results silver_030301r.html
2005.03.06 13:57 B C:\Website\results\silver_240803.html --> ftp.badasssolutions.co.uk /public_html/dowsonracing/results silver_240803.html
2005.03.06 13:57 B C:\Website\results\silver_270702.html --> ftp.badasssolutions.co.uk /public_html/dowsonracing/results silver_270702.html
2005.03.06 13:57 B C:\Website\results\snetter_080401.html --> ftp.badasssolutions.co.uk /public_html/dowsonracing/results snetter_080401.html
2005.03.06 13:57 B C:\Website\results\snetter_170601.html --> ftp.badasssolutions.co.uk /public_html/dowsonracing/results snetter_170601.html
2005.03.06 13:57 B C:\Website\results\snetter_170900.html --> ftp.badasssolutions.co.uk /public_html/dowsonracing/results snetter_170900.html
2005.03.06 13:57 B C:\Website\results\ss_raceb_150700.html --> ftp.badasssolutions.co.uk /public_html/dowsonracing/results ss_raceb_150700.html
